2025-07-06 18:34:45,847 - LogTime - INFO - POST https://api.intra.42.fr/oauth/token [200]
2025-07-06 18:35:00,043 - LogTime - ERROR - POST https://api.intra.42.fr/oauth/token [200]
2025-07-06 18:35:09,554 - LogTime - ERROR - POST https://api.intra.42.fr/oauth/token [200]
2025-07-06 18:35:09,554 - LogTime - DEBUG - POST https://api.intra.42.fr/oauth/token [200]
2025-07-06 18:52:17,622 - LogTime - INFO - creating new token
2025-07-06 18:52:17,830 - LogTime - INFO - POST https://api.intra.42.fr/oauth/token [200]
2025-07-06 18:57:26,436 - LogTime - INFO - creating new token
2025-07-06 18:57:26,602 - LogTime - INFO - POST https://api.intra.42.fr/oauth/token [200]
2025-07-06 18:58:43,711 - LogTime - INFO - creating new token
2025-07-06 18:58:43,904 - LogTime - INFO - POST https://api.intra.42.fr/oauth/token [200]
2025-07-06 18:58:57,555 - LogTime - INFO - creating new token
2025-07-06 18:58:57,756 - LogTime - INFO - POST https://api.intra.42.fr/oauth/token [200]
2025-07-06 18:59:23,345 - LogTime - INFO - creating new token
2025-07-06 18:59:23,539 - LogTime - INFO - POST https://api.intra.42.fr/oauth/token [200]
2025-07-06 19:01:07,166 - LogTime - INFO - creating new token
2025-07-06 19:01:07,463 - LogTime - INFO - POST https://api.intra.42.fr/oauth/token [200]
2025-07-06 19:07:22,198 - LogTime - INFO - creating new token
2025-07-06 19:07:22,395 - LogTime - INFO - POST https://api.intra.42.fr/oauth/token [200]
2025-07-06 19:10:59,972 - LogTime - INFO - creating new token
2025-07-06 19:11:00,151 - LogTime - INFO - POST https://api.intra.42.fr/oauth/token [200]
2025-07-06 19:11:00,336 - LogTime - ERROR - GET https://api.intra.42.fr/v2/users//locations [404]
2025-07-06 19:11:50,791 - LogTime - INFO - creating new token
2025-07-06 19:11:51,006 - LogTime - INFO - POST https://api.intra.42.fr/oauth/token [200]
2025-07-06 19:13:36,553 - LogTime - INFO - creating new token
2025-07-06 19:13:36,749 - LogTime - INFO - POST https://api.intra.42.fr/oauth/token [200]
2025-07-06 19:13:48,070 - LogTime - INFO - creating new token
2025-07-06 19:13:48,323 - LogTime - INFO - POST https://api.intra.42.fr/oauth/token [200]
2025-07-06 19:15:36,898 - LogTime - INFO - creating new token
2025-07-06 19:15:37,104 - LogTime - INFO - POST https://api.intra.42.fr/oauth/token [200]
2025-07-06 19:15:55,059 - LogTime - INFO - creating new token
2025-07-06 19:15:55,242 - LogTime - INFO - POST https://api.intra.42.fr/oauth/token [200]
2025-07-06 19:16:08,447 - LogTime - INFO - creating new token
2025-07-06 19:16:08,644 - LogTime - INFO - POST https://api.intra.42.fr/oauth/token [200]
2025-07-06 19:16:24,302 - LogTime - INFO - creating new token
2025-07-06 19:16:24,501 - LogTime - INFO - POST https://api.intra.42.fr/oauth/token [200]
2025-07-06 19:21:34,030 - LogTime - INFO - creating new token
2025-07-06 19:21:34,255 - LogTime - INFO - POST https://api.intra.42.fr/oauth/token [200]
2025-07-06 19:21:52,042 - LogTime - INFO - creating new token
2025-07-06 19:21:52,268 - LogTime - INFO - POST https://api.intra.42.fr/oauth/token [200]
2025-07-06 19:24:44,719 - LogTime - INFO - creating new token
2025-07-06 19:24:44,909 - LogTime - INFO - POST https://api.intra.42.fr/oauth/token [200]
